2024/01/20 09:07:08 [notice] 1#1: using the "epoll" event method
2024/01/20 09:07:08 [notice] 1#1: nginx/1.25.3
2024/01/20 09:07:08 [notice] 1#1: built by gcc 12.2.1 20220924 (Alpine 12.2.1_git20220924-r10) 
2024/01/20 09:07:08 [notice] 1#1: OS: Linux 5.4.0-169-generic
2024/01/20 09:07:08 [notice] 1#1: getrlimit(RLIMIT_NOFILE): 1048576:1048576
2024/01/20 09:07:08 [notice] 1#1: start worker processes
2024/01/20 09:07:08 [notice] 1#1: start worker process 29
2024/01/20 09:07:08 [notice] 1#1: start worker process 30
2024/01/20 10:30:03 [notice] 1#1: signal 3 (SIGQUIT) received, shutting down
2024/01/20 10:30:03 [notice] 30#30: gracefully shutting down
2024/01/20 10:30:03 [notice] 30#30: exiting
2024/01/20 10:30:03 [notice] 30#30: exit
2024/01/20 10:30:03 [notice] 29#29: gracefully shutting down
2024/01/20 10:30:03 [notice] 29#29: exiting
2024/01/20 10:30:03 [notice] 29#29: exit
2024/01/20 10:30:03 [notice] 1#1: signal 17 (SIGCHLD) received from 30
2024/01/20 10:30:03 [notice] 1#1: worker process 30 exited with code 0
2024/01/20 10:30:03 [notice] 1#1: signal 29 (SIGIO) received
2024/01/20 10:30:03 [notice] 1#1: signal 17 (SIGCHLD) received from 29
2024/01/20 10:30:03 [notice] 1#1: worker process 29 exited with code 0
2024/01/20 10:30:03 [notice] 1#1: exit
2024/01/20 10:35:38 [notice] 1#1: using the "epoll" event method
2024/01/20 10:35:38 [notice] 1#1: nginx/1.25.3
2024/01/20 10:35:38 [notice] 1#1: built by gcc 12.2.1 20220924 (Alpine 12.2.1_git20220924-r10) 
2024/01/20 10:35:38 [notice] 1#1: OS: Linux 5.4.0-169-generic
2024/01/20 10:35:38 [notice] 1#1: getrlimit(RLIMIT_NOFILE): 1048576:1048576
2024/01/20 10:35:38 [notice] 1#1: start worker processes
2024/01/20 10:35:38 [notice] 1#1: start worker process 29
2024/01/20 10:35:38 [notice] 1#1: start worker process 30
2024/01/20 10:37:58 [notice] 1#1: signal 3 (SIGQUIT) received, shutting down
2024/01/20 10:37:58 [notice] 29#29: gracefully shutting down
2024/01/20 10:37:58 [notice] 29#29: exiting
2024/01/20 10:37:58 [notice] 29#29: exit
2024/01/20 10:37:58 [notice] 30#30: gracefully shutting down
2024/01/20 10:37:58 [notice] 30#30: exiting
2024/01/20 10:37:58 [notice] 30#30: exit
2024/01/20 10:37:58 [notice] 1#1: signal 17 (SIGCHLD) received from 29
2024/01/20 10:37:58 [notice] 1#1: worker process 29 exited with code 0
2024/01/20 10:37:58 [notice] 1#1: signal 29 (SIGIO) received
2024/01/20 10:37:58 [notice] 1#1: signal 17 (SIGCHLD) received from 30
2024/01/20 10:37:58 [notice] 1#1: worker process 30 exited with code 0
2024/01/20 10:37:58 [notice] 1#1: exit
2024/01/20 10:51:10 [notice] 1#1: using the "epoll" event method
2024/01/20 10:51:10 [notice] 1#1: nginx/1.25.3
2024/01/20 10:51:10 [notice] 1#1: built by gcc 12.2.1 20220924 (Alpine 12.2.1_git20220924-r10) 
2024/01/20 10:51:10 [notice] 1#1: OS: Linux 5.4.0-169-generic
2024/01/20 10:51:10 [notice] 1#1: getrlimit(RLIMIT_NOFILE): 1048576:1048576
2024/01/20 10:51:10 [notice] 1#1: start worker processes
2024/01/20 10:51:10 [notice] 1#1: start worker process 29
2024/01/20 10:51:10 [notice] 1#1: start worker process 30
2024/01/20 11:06:13 [warn] 29#29: *1 an upstream response is buffered to a temporary file /var/cache/nginx/fastcgi_temp/1/00/0000000001 while reading upstream, client: 192.168.43.22, server: , request: "GET / HTTP/1.1", upstream: "fastcgi://172.20.0.3:9000", host: "192.168.43.92:8080"
2024/01/20 11:13:06 [notice] 1#1: signal 3 (SIGQUIT) received, shutting down
2024/01/20 11:13:06 [notice] 30#30: gracefully shutting down
2024/01/20 11:13:06 [notice] 30#30: exiting
2024/01/20 11:13:06 [notice] 30#30: exit
2024/01/20 11:13:06 [notice] 29#29: gracefully shutting down
2024/01/20 11:13:06 [notice] 29#29: exiting
2024/01/20 11:13:06 [notice] 29#29: exit
2024/01/20 11:13:06 [notice] 1#1: signal 17 (SIGCHLD) received from 30
2024/01/20 11:13:06 [notice] 1#1: worker process 30 exited with code 0
2024/01/20 11:13:06 [notice] 1#1: signal 29 (SIGIO) received
2024/01/20 11:13:06 [notice] 1#1: signal 17 (SIGCHLD) received from 29
2024/01/20 11:13:06 [notice] 1#1: worker process 29 exited with code 0
2024/01/20 11:13:06 [notice] 1#1: exit
